<?xml version="1.0" encoding="UTF-8"?>
<!-- Generated by org.testng.reporters.JUnitReportReporter -->
<testsuite hostname="LAPTOP-HR8TACRF" failures="0" tests="1" name="com.actitime.test.Createcustomer" time="0.013" errors="0" timestamp="2024-10-23T10:08:46 IST" skipped="0">
  <testcase classname="com.actitime.test.Createcustomer" name="create" time="0.013">
    <system-out>
      <![CDATA[createcustomer]]>
    </system-out>
  </testcase> <!-- create -->
  <system-out>
    <![CDATA[createcustomer]]>
  </system-out>
</testsuite> <!-- com.actitime.test.Createcustomer -->
